<?xml version="1.0" encoding="UTF-8"?>
<!-- Generated by org.testng.reporters.JUnitReportReporter -->
<testsuite hostname="ntindsk1100523" name="com.wfs.qa.testcases.LoginPageTest" tests="1" failures="0" timestamp="9 Jan 2019 10:49:51 GMT" time="39.204" errors="0">
  <testcase name="login" time="39.204" classname="com.wfs.qa.testcases.LoginPageTest"/>
</testsuite> <!-- com.wfs.qa.testcases.LoginPageTest -->
