<?xml version="1.0" encoding="UTF-8"?>
<!-- Generated by org.testng.reporters.JUnitReportReporter -->
<testsuite hostname="ntindsk1100523" name="com.wfs.qa.testcases.SignInPageTest" tests="1" failures="0" timestamp="21 Jan 2019 12:29:37 GMT" time="70.514" errors="0">
  <testcase name="signIn" time="70.514" classname="com.wfs.qa.testcases.SignInPageTest"/>
</testsuite> <!-- com.wfs.qa.testcases.SignInPageTest -->
