<?xml version="1.0" encoding="UTF-8"?>
<!-- Generated by org.testng.reporters.JUnitReportReporter -->
<testsuite hostname="ntindsk1100523" name="com.wfs.qa.testcases.AddCartTest" tests="1" failures="0" timestamp="21 Jan 2019 12:29:37 GMT" time="41.467" errors="0">
  <testcase name="addCart" time="41.467" classname="com.wfs.qa.testcases.AddCartTest"/>
</testsuite> <!-- com.wfs.qa.testcases.AddCartTest -->
